<?xml version="1.0" encoding="UTF-8"?>
<!-- Generated by org.testng.reporters.JUnitReportReporter -->
<testsuite hostname="DESKTOP-BKGGDHJ" failures="0" tests="1" name="task.task.com.NewTest" time="0.036" errors="0" timestamp="2025-08-12T12:19:29 IST" skipped="0">
  <testcase classname="task.task.com.NewTest" name="firstTest" time="0.036"/>
  <system-out/>
</testsuite> <!-- task.task.com.NewTest -->
